{"D:\\programming\\notr-ui\\packages\\button\\src\\Button.tsx": {"path":"D:\\programming\\notr-ui\\packages\\button\\src\\Button.tsx","all":false,"statementMap":{"0":{"start":{"line":1,"column":0},"end":{"line":1,"column":37}},"1":{"start":{"line":2,"column":0},"end":{"line":2,"column":50}},"2":{"start":{"line":3,"column":0},"end":{"line":3,"column":26}},"4":{"start":{"line":5,"column":0},"end":{"line":5,"column":23}},"23":{"start":{"line":24,"column":0},"end":{"line":24,"column":18}},"24":{"start":{"line":25,"column":0},"end":{"line":25,"column":12}},"35":{"start":{"line":36,"column":0},"end":{"line":36,"column":15}},"45":{"start":{"line":46,"column":0},"end":{"line":46,"column":12}},"51":{"start":{"line":52,"column":0},"end":{"line":52,"column":2}},"58":{"start":{"line":59,"column":0},"end":{"line":59,"column":64}},"59":{"start":{"line":60,"column":0},"end":{"line":60,"column":70}},"60":{"start":{"line":61,"column":0},"end":{"line":61,"column":12}},"61":{"start":{"line":62,"column":0},"end":{"line":62,"column":13}},"62":{"start":{"line":63,"column":0},"end":{"line":63,"column":17}},"63":{"start":{"line":64,"column":0},"end":{"line":64,"column":15}},"64":{"start":{"line":65,"column":0},"end":{"line":65,"column":11}},"65":{"start":{"line":66,"column":0},"end":{"line":66,"column":55}},"66":{"start":{"line":67,"column":0},"end":{"line":67,"column":49}},"67":{"start":{"line":68,"column":0},"end":{"line":68,"column":34}},"69":{"start":{"line":70,"column":0},"end":{"line":70,"column":17}},"70":{"start":{"line":71,"column":0},"end":{"line":71,"column":44}},"72":{"start":{"line":73,"column":0},"end":{"line":73,"column":18}},"74":{"start":{"line":75,"column":0},"end":{"line":75,"column":18}},"75":{"start":{"line":76,"column":0},"end":{"line":76,"column":15}},"77":{"start":{"line":78,"column":0},"end":{"line":78,"column":3}},"78":{"start":{"line":79,"column":0},"end":{"line":79,"column":2}},"80":{"start":{"line":81,"column":0},"end":{"line":81,"column":30}},"82":{"start":{"line":83,"column":0},"end":{"line":83,"column":22}}},"s":{"0":1,"1":1,"2":1,"4":1,"23":1,"24":1,"35":1,"45":1,"51":1,"58":1,"59":1,"60":6,"61":6,"62":6,"63":6,"64":6,"65":6,"66":6,"67":6,"69":6,"70":6,"72":6,"74":6,"75":6,"77":6,"78":1,"80":1,"82":1},"branchMap":{"0":{"type":"branch","line":60,"loc":{"start":{"line":60,"column":2},"end":{"line":78,"column":3}},"locations":[{"start":{"line":60,"column":2},"end":{"line":78,"column":3}}]}},"b":{"0":[6]},"fnMap":{},"f":{}}
,"D:\\programming\\notr-ui\\packages\\button\\src\\index.ts": {"path":"D:\\programming\\notr-ui\\packages\\button\\src\\index.ts","all":true,"statementMap":{"0":{"start":{"line":1,"column":0},"end":{"line":1,"column":35}}},"s":{"0":0},"branchMap":{"0":{"type":"branch","line":1,"loc":{"start":{"line":1,"column":81},"end":{"line":2,"column":44}},"locations":[{"start":{"line":1,"column":81},"end":{"line":2,"column":44}}]}},"b":{"0":[0]},"fnMap":{"0":{"name":"(empty-report)","decl":{"start":{"line":1,"column":81},"end":{"line":2,"column":44}},"loc":{"start":{"line":1,"column":81},"end":{"line":2,"column":44}},"line":1}},"f":{"0":0}}
}
